<?xml version="1.0" encoding="UTF-8"?>
<testng-results ignored="0" total="1" passed="1" failed="0" skipped="0">
  <reporter-output>
  </reporter-output>
  <suite started-at="2021-08-04T20:28:15 IST" name="Default suite" finished-at="2021-08-04T20:28:16 IST" duration-ms="1249">
    <groups>
    </groups>
    <test started-at="2021-08-04T20:28:15 IST" name="Default test" finished-at="2021-08-04T20:28:16 IST" duration-ms="1249">
      <class name="test.automation.ollion.project.LoginTest">
        <test-method signature="login_with_valid_credential()[pri:0, instance:test.automation.ollion.project.LoginTest@18a3962d]" started-at="2021-08-04T20:28:15 IST" name="login_with_valid_credential" finished-at="2021-08-04T20:28:16 IST" duration-ms="1225" status="PASS">
          <reporter-output>
          </reporter-output>
        </test-method> <!-- login_with_valid_credential -->
      </class> <!-- test.automation.ollion.project.LoginTest -->
    </test> <!-- Default test -->
  </suite> <!-- Default suite -->
</testng-results>
